<?xml version="1.0" encoding="UTF-8"?>
<!-- Generated by org.testng.reporters.JUnitReportReporter -->
<testsuite hostname="LAPTOP-21Q7HHS1" failures="0" tests="2" name="com.testng.Simple_Annotation" time="0.004" errors="0" timestamp="2022-07-27T15:38:57 IST" skipped="0">
  <testcase classname="com.testng.Simple_Annotation" name="women" time="0.001"/>
  <system-out/>
  <testcase classname="com.testng.Simple_Annotation" name="dress" time="0.003"/>
  <system-out/>
</testsuite> <!-- com.testng.Simple_Annotation -->
