<?xml version="1.0" encoding="UTF-8"?>
<!-- Generated by org.testng.reporters.JUnitReportReporter -->
<testsuite hostname="LAPTOP-21Q7HHS1" failures="0" tests="4" name="com.testng.Group" time="0.006" errors="0" timestamp="2022-07-27T16:08:02 IST" skipped="0">
  <testcase classname="com.testng.Group" name="whatsapp" time="0.000"/>
  <system-out/>
  <testcase classname="com.testng.Group" name="amazon" time="0.005"/>
  <system-out/>
  <testcase classname="com.testng.Group" name="telegram" time="0.000"/>
  <system-out/>
  <testcase classname="com.testng.Group" name="flipkart" time="0.001"/>
  <system-out/>
</testsuite> <!-- com.testng.Group -->
