<?xml version="1.0" encoding="UTF-8"?>
<!-- Generated by org.testng.reporters.JUnitReportReporter -->
<testsuite hostname="LAPTOP-21Q7HHS1" failures="0" tests="4" name="com.testng.Incovation_Count" time="0.008" errors="0" timestamp="2022-07-27T15:58:25 IST" skipped="0">
  <testcase classname="com.testng.Incovation_Count" name="dress" time="0.006"/>
  <system-out/>
  <testcase classname="com.testng.Incovation_Count" name="women" time="0.001"/>
  <system-out/>
  <testcase classname="com.testng.Incovation_Count" name="vegetables" time="0.001"/>
  <system-out/>
  <testcase classname="com.testng.Incovation_Count" name="vegetables" time="0.000"/>
  <system-out/>
</testsuite> <!-- com.testng.Incovation_Count -->
