<?xml version="1.0" encoding="UTF-8"?>
<!-- Generated by org.testng.reporters.JUnitReportReporter -->
<testsuite hostname="LAPTOP-21Q7HHS1" failures="0" tests="2" name="com.testng.Ignore" time="0.005" errors="0" timestamp="2022-07-27T15:55:37 IST" skipped="1">
  <testcase classname="com.testng.Ignore" name="dress" time="0.005"/>
  <system-out/>
  <testcase classname="com.testng.Ignore" name="slipper">
    <skipped/>
  </testcase> <!-- slipper -->
  <system-out/>
</testsuite> <!-- com.testng.Ignore -->
