<?xml version="1.0" encoding="UTF-8"?>
<!-- Generated by org.testng.reporters.JUnitReportReporter -->
<testsuite hostname="LAPTOP-21Q7HHS1" failures="0" tests="1" name="com.testng.Soft_Assert" time="0.010" errors="0" timestamp="2022-07-27T16:47:44 IST" skipped="0">
  <testcase classname="com.testng.Soft_Assert" name="women" time="0.010"/>
  <system-out/>
</testsuite> <!-- com.testng.Soft_Assert -->
